<?xml version="1.0" encoding="UTF-8"?>
<!-- Generated by org.testng.reporters.JUnitReportReporter -->
<testsuite hostname="LTIN487042" failures="0" tests="15" name="testCases.TestCase_001_SiteValidation" time="69.159" errors="0" timestamp="2024-04-03T17:48:16 IST" skipped="0">
  <testcase classname="testCases.TestCase_001_SiteValidation" name="SiteValidation" time="6.164"/>
  <testcase classname="testCases.TestCase_001_SiteValidation" name="searchValidation" time="10.377"/>
  <testcase classname="testCases.TestCase_001_SiteValidation" name="languagesListValidation" time="4.498"/>
  <testcase classname="testCases.TestCase_001_SiteValidation" name="languageValidation" time="4.561"/>
  <testcase classname="testCases.TestCase_001_SiteValidation" name="levelsValidation" time="4.535"/>
  <testcase classname="testCases.TestCase_001_SiteValidation" name="firstCourseOpening" time="12.217"/>
  <testcase classname="testCases.TestCase_001_SiteValidation" name="firstCourseTitle" time="4.058"/>
  <testcase classname="testCases.TestCase_001_SiteValidation" name="firstCourseRating" time="1.122"/>
  <testcase classname="testCases.TestCase_001_SiteValidation" name="firstCourseDuration" time="1.093"/>
  <testcase classname="testCases.TestCase_001_SiteValidation" name="backToMain" time="1.087"/>
  <testcase classname="testCases.TestCase_001_SiteValidation" name="SecondCourseOpening" time="12.213"/>
  <testcase classname="testCases.TestCase_001_SiteValidation" name="SecondCourseTitle" time="4.051"/>
  <testcase classname="testCases.TestCase_001_SiteValidation" name="SecondCourseRating" time="1.064"/>
  <testcase classname="testCases.TestCase_001_SiteValidation" name="SecondCourseDuration" time="1.047"/>
  <testcase classname="testCases.TestCase_001_SiteValidation" name="backToMainPage" time="1.072"/>
</testsuite> <!-- testCases.TestCase_001_SiteValidation -->
