<?xml version="1.0" encoding="UTF-8"?>
<!-- Generated by org.testng.reporters.JUnitReportReporter -->
<testsuite hostname="LTIN511660" failures="0" tests="4" name="testCases.TestCase_002_LanguageLearningValidation" time="44.518" errors="0" timestamp="2024-04-09T14:58:34 IST" skipped="0">
  <testcase classname="testCases.TestCase_002_LanguageLearningValidation" name="SiteValidation" time="26.126"/>
  <testcase classname="testCases.TestCase_002_LanguageLearningValidation" name="searchValidation" time="8.804"/>
  <testcase classname="testCases.TestCase_002_LanguageLearningValidation" name="languagesListValidation" time="5.269"/>
  <testcase classname="testCases.TestCase_002_LanguageLearningValidation" name="levelsListValidation" time="4.319"/>
</testsuite> <!-- testCases.TestCase_002_LanguageLearningValidation -->
