<?xml version="1.0" encoding="UTF-8"?>
<!-- Generated by org.testng.reporters.JUnitReportReporter -->
<testsuite hostname="LTIN511660" failures="0" tests="14" name="testCases.TestCase_001_WebDevelopmentValidation" time="64.178" errors="0" timestamp="2024-04-09T14:58:34 IST" skipped="0">
  <testcase classname="testCases.TestCase_001_WebDevelopmentValidation" name="SiteValidation" time="6.956"/>
  <testcase classname="testCases.TestCase_001_WebDevelopmentValidation" name="searchValidation" time="8.680"/>
  <testcase classname="testCases.TestCase_001_WebDevelopmentValidation" name="languageValidation" time="4.756"/>
  <testcase classname="testCases.TestCase_001_WebDevelopmentValidation" name="levelsValidation" time="4.428"/>
  <testcase classname="testCases.TestCase_001_WebDevelopmentValidation" name="firstCourseOpening" time="12.090"/>
  <testcase classname="testCases.TestCase_001_WebDevelopmentValidation" name="firstCourseTitle" time="4.112"/>
  <testcase classname="testCases.TestCase_001_WebDevelopmentValidation" name="firstCourseRating" time="1.277"/>
  <testcase classname="testCases.TestCase_001_WebDevelopmentValidation" name="firstCourseDuration" time="1.179"/>
  <testcase classname="testCases.TestCase_001_WebDevelopmentValidation" name="backToMain" time="1.074"/>
  <testcase classname="testCases.TestCase_001_WebDevelopmentValidation" name="SecondCourseOpening" time="12.094"/>
  <testcase classname="testCases.TestCase_001_WebDevelopmentValidation" name="SecondCourseTitle" time="4.065"/>
  <testcase classname="testCases.TestCase_001_WebDevelopmentValidation" name="SecondCourseRating" time="1.294"/>
  <testcase classname="testCases.TestCase_001_WebDevelopmentValidation" name="SecondCourseDuration" time="1.086"/>
  <testcase classname="testCases.TestCase_001_WebDevelopmentValidation" name="backToMainPage" time="1.087"/>
</testsuite> <!-- testCases.TestCase_001_WebDevelopmentValidation -->
