<?xml version="1.0" encoding="UTF-8"?>
<!-- Generated by org.testng.reporters.JUnitReportReporter -->
<testsuite hostname="LTIN511660" failures="0" tests="10" name="testCases.TestCase_003_EnterpriseValidation" time="55.514" errors="0" timestamp="2024-04-09T14:58:34 IST" skipped="0">
  <testcase classname="testCases.TestCase_003_EnterpriseValidation" name="Enterprise" time="13.275"/>
  <testcase classname="testCases.TestCase_003_EnterpriseValidation" name="Formfilling" time="5.108"/>
  <testcase classname="testCases.TestCase_003_EnterpriseValidation" name="Submitform" time="0.023"/>
  <testcase classname="testCases.TestCase_003_EnterpriseValidation" name="VerifyMsg" time="0.502"/>
  <testcase classname="testCases.TestCase_003_EnterpriseValidation" name="Formfilling2" time="10.817"/>
  <testcase classname="testCases.TestCase_003_EnterpriseValidation" name="Submitform2" time="0.020"/>
  <testcase classname="testCases.TestCase_003_EnterpriseValidation" name="VerifyMsg2" time="0.521"/>
  <testcase classname="testCases.TestCase_003_EnterpriseValidation" name="Formfilling3" time="4.972"/>
  <testcase classname="testCases.TestCase_003_EnterpriseValidation" name="Submitform3" time="0.024"/>
  <testcase classname="testCases.TestCase_003_EnterpriseValidation" name="VerifyMsg3" time="20.252"/>
</testsuite> <!-- testCases.TestCase_003_EnterpriseValidation -->
