<?xml version="1.0" encoding="UTF-8"?>
<!-- Generated by org.testng.reporters.JUnitReportReporter -->
<testsuite hostname="LTIN511660" failures="0" tests="4" name="testCases.TestCase_002_LanguageLearningValidation" time="44.702" errors="0" timestamp="2024-04-22T13:31:13 IST" skipped="0">
  <testcase classname="testCases.TestCase_002_LanguageLearningValidation" name="SiteValidation" time="26.218"/>
  <testcase classname="testCases.TestCase_002_LanguageLearningValidation" name="searchValidation" time="7.951"/>
  <testcase classname="testCases.TestCase_002_LanguageLearningValidation" name="languagesListValidation" time="5.971"/>
  <testcase classname="testCases.TestCase_002_LanguageLearningValidation" name="levelsListValidation" time="4.562"/>
</testsuite> <!-- testCases.TestCase_002_LanguageLearningValidation -->
