<?xml version="1.0" encoding="UTF-8"?>
<!-- Generated by org.testng.reporters.JUnitReportReporter -->
<testsuite hostname="LTIN511660" failures="0" tests="14" name="testCases.TestCase_001_WebDevelopmentValidation" time="84.709" errors="0" timestamp="2024-04-22T13:31:13 IST" skipped="0">
  <testcase classname="testCases.TestCase_001_WebDevelopmentValidation" name="SiteValidation" time="28.087"/>
  <testcase classname="testCases.TestCase_001_WebDevelopmentValidation" name="searchValidation" time="7.583"/>
  <testcase classname="testCases.TestCase_001_WebDevelopmentValidation" name="languageValidation" time="4.807"/>
  <testcase classname="testCases.TestCase_001_WebDevelopmentValidation" name="levelsValidation" time="4.323"/>
  <testcase classname="testCases.TestCase_001_WebDevelopmentValidation" name="firstCourseOpening" time="12.121"/>
  <testcase classname="testCases.TestCase_001_WebDevelopmentValidation" name="firstCourseTitle" time="4.143"/>
  <testcase classname="testCases.TestCase_001_WebDevelopmentValidation" name="firstCourseRating" time="1.400"/>
  <testcase classname="testCases.TestCase_001_WebDevelopmentValidation" name="firstCourseDuration" time="1.215"/>
  <testcase classname="testCases.TestCase_001_WebDevelopmentValidation" name="backToMain" time="1.101"/>
  <testcase classname="testCases.TestCase_001_WebDevelopmentValidation" name="SecondCourseOpening" time="12.111"/>
  <testcase classname="testCases.TestCase_001_WebDevelopmentValidation" name="SecondCourseTitle" time="4.169"/>
  <testcase classname="testCases.TestCase_001_WebDevelopmentValidation" name="SecondCourseRating" time="1.372"/>
  <testcase classname="testCases.TestCase_001_WebDevelopmentValidation" name="SecondCourseDuration" time="1.166"/>
  <testcase classname="testCases.TestCase_001_WebDevelopmentValidation" name="backToMainPage" time="1.111"/>
</testsuite> <!-- testCases.TestCase_001_WebDevelopmentValidation -->
