<?xml version="1.0" encoding="UTF-8"?>
<!-- Generated by org.testng.reporters.JUnitReportReporter -->
<testsuite hostname="LTIN511660" failures="0" tests="11" name="testCases.TestCase_003_EnterpriseValidation" time="77.923" errors="0" timestamp="2024-04-22T13:31:13 IST" skipped="0">
  <testcase classname="testCases.TestCase_003_EnterpriseValidation" name="SiteValidation" time="26.107"/>
  <testcase classname="testCases.TestCase_003_EnterpriseValidation" name="Enterprise" time="8.374"/>
  <testcase classname="testCases.TestCase_003_EnterpriseValidation" name="Formfilling" time="5.377"/>
  <testcase classname="testCases.TestCase_003_EnterpriseValidation" name="Submitform" time="0.028"/>
  <testcase classname="testCases.TestCase_003_EnterpriseValidation" name="VerifyMsg" time="0.694"/>
  <testcase classname="testCases.TestCase_003_EnterpriseValidation" name="Formfilling2" time="11.115"/>
  <testcase classname="testCases.TestCase_003_EnterpriseValidation" name="Submitform2" time="0.026"/>
  <testcase classname="testCases.TestCase_003_EnterpriseValidation" name="VerifyMsg2" time="0.646"/>
  <testcase classname="testCases.TestCase_003_EnterpriseValidation" name="Formfilling3" time="5.211"/>
  <testcase classname="testCases.TestCase_003_EnterpriseValidation" name="Submitform3" time="0.046"/>
  <testcase classname="testCases.TestCase_003_EnterpriseValidation" name="VerifyMsg3" time="20.299"/>
</testsuite> <!-- testCases.TestCase_003_EnterpriseValidation -->
